INFO: [HLS 200-10] Running '/tools/Xilinx/Vitis_HLS/2023.1/bin/unwrapped/lnx64.o/vitis_hls'
INFO: [HLS 200-10] For user 'dell3561-49' on host 'dell3561-49' (Linux_x86_64 version 6.8.0-60-generic) on Tue Jul 08 16:24:01 CEST 2025
INFO: [HLS 200-10] On os Ubuntu 22.04.5 LTS
INFO: [HLS 200-10] In directory '/home/dell3561-49/Vitis_HLS_folder/New_BackGrRemoval'
Sourcing Tcl script '/home/dell3561-49/Vitis_HLS_folder/New_BackGrRemoval/New_BackGrRemoval/solution1/csim.tcl'
INFO: [HLS 200-1510] Running: source /home/dell3561-49/Vitis_HLS_folder/New_BackGrRemoval/New_BackGrRemoval/solution1/csim.tcl
INFO: [HLS 200-1510] Running: open_project New_BackGrRemoval 
INFO: [HLS 200-10] Opening project '/home/dell3561-49/Vitis_HLS_folder/New_BackGrRemoval/New_BackGrRemoval'.
INFO: [HLS 200-1510] Running: set_top BackGrRemoval 
INFO: [HLS 200-1510] Running: add_files ../BackGroundRemoval/BackGrRemoval.cpp 
INFO: [HLS 200-10] Adding design file '../BackGroundRemoval/BackGrRemoval.cpp' to the project
INFO: [HLS 200-1510] Running: add_files ../BackGroundRemoval/BackGrRemoval.h 
INFO: [HLS 200-10] Adding design file '../BackGroundRemoval/BackGrRemoval.h' to the project
INFO: [HLS 200-1510] Running: add_files ../BackGroundRemoval/RGB2HSV.cpp 
INFO: [HLS 200-10] Adding design file '../BackGroundRemoval/RGB2HSV.cpp' to the project
INFO: [HLS 200-1510] Running: add_files ../BackGroundRemoval/RGB2HSV.h 
INFO: [HLS 200-10] Adding design file '../BackGroundRemoval/RGB2HSV.h' to the project
INFO: [HLS 200-1510] Running: add_files ../BackGroundRemoval/parameters.h 
INFO: [HLS 200-10] Adding design file '../BackGroundRemoval/parameters.h' to the project
INFO: [HLS 200-1510] Running: add_files -tb ../BackGroundRemoval/BackGrRemoval_tb.cpp 
INFO: [HLS 200-10] Adding test bench file '../BackGroundRemoval/BackGrRemoval_tb.cpp' to the project
INFO: [HLS 200-1510] Running: open_solution solution1 -flow_target vivado 
INFO: [HLS 200-10] Opening solution '/home/dell3561-49/Vitis_HLS_folder/New_BackGrRemoval/New_BackGrRemoval/solution1'.
INFO: [SYN 201-201] Setting up clock 'default' with a period of 10ns.
INFO: [SYN 201-201] Setting up clock 'default' with an uncertainty of 0.5ns.
INFO: [HLS 200-1611] Setting target device to 'xc7a12ti-csg325-1L'
INFO: [HLS 200-1505] Using flow_target 'vivado'
Resolution: For help on HLS 200-1505 see www.xilinx.com/cgi-bin/docs/rdoc?v=2023.1;t=hls+guidance;d=200-1505.html
INFO: [HLS 200-1510] Running: set_part xc7a12ticsg325-1L 
INFO: [HLS 200-1510] Running: create_clock -period 10 -name default 
INFO: [SYN 201-201] Setting up clock 'default' with a period of 10ns.
INFO: [HLS 200-1510] Running: set_clock_uncertainty 0.5 
INFO: [HLS 200-1510] Running: csim_design -quiet 
INFO: [SIM 211-2] *************** CSIM start ***************
INFO: [SIM 211-4] CSIM will launch GCC as the compiler.
INFO: [HLS 200-2036] Building debug C Simulation binaries
   Compiling ../../../../../BackGroundRemoval/BackGrRemoval_tb.cpp in debug mode
In file included from ../../../../../BackGroundRemoval/BackGrRemoval_tb.cpp:3:
../../../../../BackGroundRemoval/parameters.h:4:9: error: ‘ap_uint’ does not name a type; did you mean ‘uint’?
 typedef ap_uint<8> u8;
         ^~~~~~~
         uint
../../../../../BackGroundRemoval/parameters.h:5:9: error: ‘ap_uint’ does not name a type; did you mean ‘uint’?
 typedef ap_uint<16> u16;
         ^~~~~~~
         uint
../../../../../BackGroundRemoval/parameters.h:6:9: error: ‘ap_uint’ does not name a type; did you mean ‘uint’?
 typedef ap_uint<32> u32;
         ^~~~~~~
         uint
../../../../../BackGroundRemoval/parameters.h:8:9: error: ‘ap_fixed’ does not name a type
 typedef ap_fixed<16,8> fx_t;
         ^~~~~~~~
../../../../../BackGroundRemoval/parameters.h:11:5: error: ‘u8’ does not name a type
     u8 r,g,b;
     ^~
../../../../../BackGroundRemoval/parameters.h:15:5: error: ‘u8’ does not name a type
     u8 h,s,v;
     ^~
In file included from ../../../../../BackGroundRemoval/BackGrRemoval_tb.cpp:4:
../../../../../BackGroundRemoval/RGB2HSV.h:4:1: error: ‘u8’ does not name a type
 u8 MaxOf3(u8 b, u8 g, u8 r);
 ^~
../../../../../BackGroundRemoval/RGB2HSV.h:5:1: error: ‘u8’ does not name a type
 u8 Minof3(u8 b, u8 g, u8 r);
 ^~
../../../../../BackGroundRemoval/RGB2HSV.h:6:1: error: ‘u8’ does not name a type
 u8 findHSV(PixelBGR* in,PixelHSV* out);
 ^~
In file included from ../../../../../BackGroundRemoval/BackGrRemoval_tb.cpp:5:
../../../../../BackGroundRemoval/BackGrRemoval.h:3:36: error: ‘u8’ has not been declared
 void BackGrRemoval(PixelBGR* inBGR,u8 threshold,u8 kernel_size,u32 width,u32 height);
                                    ^~
../../../../../BackGroundRemoval/BackGrRemoval.h:3:49: error: ‘u8’ has not been declared
 void BackGrRemoval(PixelBGR* inBGR,u8 threshold,u8 kernel_size,u32 width,u32 height);
                                                 ^~
../../../../../BackGroundRemoval/BackGrRemoval.h:3:64: error: ‘u32’ has not been declared
 void BackGrRemoval(PixelBGR* inBGR,u8 threshold,u8 kernel_size,u32 width,u32 height);
                                                                ^~~
../../../../../BackGroundRemoval/BackGrRemoval.h:3:74: error: ‘u32’ has not been declared
 void BackGrRemoval(PixelBGR* inBGR,u8 threshold,u8 kernel_size,u32 width,u32 height);
                                                                          ^~~
../../../../../BackGroundRemoval/BackGrRemoval_tb.cpp:7:1: error: ‘u32’ does not name a type
 u32 FileSizeReturner(FILE *fptr);
 ^~~
../../../../../BackGroundRemoval/BackGrRemoval_tb.cpp:8:1: error: ‘u8’ does not name a type
 u8 MaxOf3(u8 b, u8 g, u8 r);
 ^~
../../../../../BackGroundRemoval/BackGrRemoval_tb.cpp:9:1: error: ‘u8’ does not name a type
 u8 MinOf3(u8 b, u8 g, u8 r);
 ^~
../../../../../BackGroundRemoval/BackGrRemoval_tb.cpp:10:1: error: ‘u8’ does not name a type
 u8 findHSV(PixelBGR* in,PixelHSV* out, u32 PixelNumber);
 ^~
../../../../../BackGroundRemoval/BackGrRemoval_tb.cpp:11:33: error: ‘u8’ has not been declared
 void BackGrRemoval(PixelBGR* in,u8 threshold,u8 kernel_size,u32 width,u32 height);
                                 ^~
../../../../../BackGroundRemoval/BackGrRemoval_tb.cpp:11:46: error: ‘u8’ has not been declared
 void BackGrRemoval(PixelBGR* in,u8 threshold,u8 kernel_size,u32 width,u32 height);
                                              ^~
../../../../../BackGroundRemoval/BackGrRemoval_tb.cpp:11:61: error: ‘u32’ has not been declared
 void BackGrRemoval(PixelBGR* in,u8 threshold,u8 kernel_size,u32 width,u32 height);
                                                             ^~~
../../../../../BackGroundRemoval/BackGrRemoval_tb.cpp:11:71: error: ‘u32’ has not been declared
 void BackGrRemoval(PixelBGR* in,u8 threshold,u8 kernel_size,u32 width,u32 height);
                                                                       ^~~
../../../../../BackGroundRemoval/BackGrRemoval_tb.cpp: In function ‘int main()’:
../../../../../BackGroundRemoval/BackGrRemoval_tb.cpp:23:5: error: ‘u32’ was not declared in this scope
     u32 fileSize = FileSizeReturner(fptr);
     ^~~
../../../../../BackGroundRemoval/BackGrRemoval_tb.cpp:27:5: error: ‘u8’ was not declared in this scope
     u8 imageData[fileSize];
     ^~
../../../../../BackGroundRemoval/BackGrRemoval_tb.cpp:29:7: error: expected ‘;’ before ‘FILE_OUT’
     u8 FILE_OUT[fileSize];
       ^~~~~~~~~
       ;
../../../../../BackGroundRemoval/BackGrRemoval_tb.cpp:31:11: error: ‘imageData’ was not declared in this scope
     fread(imageData, 1, fileSize, fptr);
           ^~~~~~~~~
../../../../../BackGroundRemoval/BackGrRemoval_tb.cpp:31:25: error: ‘fileSize’ was not declared in this scope
     fread(imageData, 1, fileSize, fptr);
                         ^~~~~~~~
../../../../../BackGroundRemoval/BackGrRemoval_tb.cpp:31:25: note: suggested alternative: ‘fileno’
     fread(imageData, 1, fileSize, fptr);
                         ^~~~~~~~
                         fileno
../../../../../BackGroundRemoval/BackGrRemoval_tb.cpp:34:8: error: expected ‘;’ before ‘width’
     u32 width = (u32)(imageData[21] << 24) |
        ^~~~~~
        ;
../../../../../BackGroundRemoval/BackGrRemoval_tb.cpp:38:8: error: expected ‘;’ before ‘height’
     u32 height  = (u32)(imageData[25] << 24) |
        ^~~~~~~
        ;
../../../../../BackGroundRemoval/BackGrRemoval_tb.cpp:43:8: error: expected ‘;’ before ‘PixelNumber’
     u32 PixelNumber = width*height;
        ^~~~~~~~~~~~
        ;
../../../../../BackGroundRemoval/BackGrRemoval_tb.cpp:44:8: error: expected ‘;’ before ‘Offset2Pixel’
     u32 Offset2Pixel = (u32)(imageData[13] << 24) |
        ^~~~~~~~~~~~~
        ;
../../../../../BackGroundRemoval/BackGrRemoval_tb.cpp:49:7: error: expected ‘;’ before ‘bytesPerPixel’
     u8 bytesPerPixel = 3;
       ^~~~~~~~~~~~~~
       ;
../../../../../BackGroundRemoval/BackGrRemoval_tb.cpp:56:8: error: expected ‘;’ before ‘rowSize_wPadding’
     u32 rowSize_wPadding = (width*bytesPerPixel+3) & ~3;
        ^~~~~~~~~~~~~~~~~
        ;
../../../../../BackGroundRemoval/BackGrRemoval_tb.cpp:58:8: error: expected ‘;’ before ‘RealImageSize’
     u32 RealImageSize = height*rowSize_wPadding;
        ^~~~~~~~~~~~~~
        ;
../../../../../BackGroundRemoval/BackGrRemoval_tb.cpp:59:9: error: ‘pixelData’ was not declared in this scope
     u8* pixelData = malloc(sizeof(u8)*RealImageSize);
         ^~~~~~~~~
../../../../../BackGroundRemoval/BackGrRemoval_tb.cpp:59:39: error: ‘RealImageSize’ was not declared in this scope
     u8* pixelData = malloc(sizeof(u8)*RealImageSize);
                                       ^~~~~~~~~~~~~
../../../../../BackGroundRemoval/BackGrRemoval_tb.cpp:62:16: error: ‘Offset2Pixel’ was not declared in this scope
     fseek(fptr,Offset2Pixel,SEEK_SET);
                ^~~~~~~~~~~~
../../../../../BackGroundRemoval/BackGrRemoval_tb.cpp:67:42: error: ‘PixelNumber’ was not declared in this scope
     PixelBGR *input = (PixelBGR *)malloc(PixelNumber * sizeof(PixelBGR));
                                          ^~~~~~~~~~~
../../../../../BackGroundRemoval/BackGrRemoval_tb.cpp:71:8: error: expected ‘;’ before ‘PixelBGRCounter’
     u32 PixelBGRCounter = 0;
        ^~~~~~~~~~~~~~~~
        ;
../../../../../BackGroundRemoval/BackGrRemoval_tb.cpp:72:19: error: ‘height’ was not declared in this scope
     for(int y=0;y<height;y++){
                   ^~~~~~
../../../../../BackGroundRemoval/BackGrRemoval_tb.cpp:74:12: error: expected ‘;’ before ‘rowIndex’
         u32 rowIndex = (height-1-y);
            ^~~~~~~~~
            ;
../../../../../BackGroundRemoval/BackGrRemoval_tb.cpp:75:23: error: ‘width’ was not declared in this scope
         for(int x=0;x<width;x++){
                       ^~~~~
../../../../../BackGroundRemoval/BackGrRemoval_tb.cpp:76:16: error: expected ‘;’ before ‘idx’
             u32 idx = rowIndex*rowSize_wPadding+x*bytesPerPixel;
                ^~~~
                ;
../../../../../BackGroundRemoval/BackGrRemoval_tb.cpp:77:23: error: ‘PixelBGRCounter’ was not declared in this scope
                 input[PixelBGRCounter].b = pixelData[idx];
                       ^~~~~~~~~~~~~~~
../../../../../BackGroundRemoval/BackGrRemoval_tb.cpp:77:23: note: suggested alternative: ‘PixelBGR’
                 input[PixelBGRCounter].b = pixelData[idx];
                       ^~~~~~~~~~~~~~~
                       PixelBGR
../../../../../BackGroundRemoval/BackGrRemoval_tb.cpp:77:54: error: ‘idx’ was not declared in this scope
                 input[PixelBGRCounter].b = pixelData[idx];
                                                      ^~~
../../../../../BackGroundRemoval/BackGrRemoval_tb.cpp:77:54: note: suggested alternative: ‘id_t’
                 input[PixelBGRCounter].b = pixelData[idx];
                                                      ^~~
                                                      id_t
../../../../../BackGroundRemoval/BackGrRemoval_tb.cpp:85:31: error: ‘width’ was not declared in this scope
     BackGrRemoval(input,45,11,width,height);
                               ^~~~~
../../../../../BackGroundRemoval/BackGrRemoval_tb.cpp:85:37: error: ‘height’ was not declared in this scope
     BackGrRemoval(input,45,11,width,height);
                                     ^~~~~~
../../../../../BackGroundRemoval/BackGrRemoval_tb.cpp:99:3: error: ‘FILE_OUT’ was not declared in this scope
   FILE_OUT[i] = imageData[i];
   ^~~~~~~~
../../../../../BackGroundRemoval/BackGrRemoval_tb.cpp:99:3: note: suggested alternative: ‘FILE’
   FILE_OUT[i] = imageData[i];
   ^~~~~~~~
   FILE
../../../../../BackGroundRemoval/BackGrRemoval_tb.cpp:104:5: error: ‘PixelBGRCounter’ was not declared in this scope
     PixelBGRCounter = 0;
     ^~~~~~~~~~~~~~~
../../../../../BackGroundRemoval/BackGrRemoval_tb.cpp:104:5: note: suggested alternative: ‘PixelBGR’
     PixelBGRCounter = 0;
     ^~~~~~~~~~~~~~~
     PixelBGR
../../../../../BackGroundRemoval/BackGrRemoval_tb.cpp:107:12: error: expected ‘;’ before ‘rowIndex’
         u32 rowIndex = (height-1-y);
            ^~~~~~~~~
            ;
../../../../../BackGroundRemoval/BackGrRemoval_tb.cpp:109:16: error: expected ‘;’ before ‘idx’
             u32 idx = rowIndex*rowSize_wPadding+x*bytesPerPixel;
                ^~~~
                ;
../../../../../BackGroundRemoval/BackGrRemoval_tb.cpp:110:27: error: ‘idx’ was not declared in this scope
                 pixelData[idx] = input[PixelBGRCounter].b;
                           ^~~
../../../../../BackGroundRemoval/BackGrRemoval_tb.cpp:110:27: note: suggested alternative: ‘id_t’
                 pixelData[idx] = input[PixelBGRCounter].b;
                           ^~~
                           id_t
../../../../../BackGroundRemoval/BackGrRemoval_tb.cpp:119:9: error: ‘FILE_OUT’ was not declared in this scope
   fputc(FILE_OUT[i],fptr);
         ^~~~~~~~
../../../../../BackGroundRemoval/BackGrRemoval_tb.cpp:119:9: note: suggested alternative: ‘FILE’
   fputc(FILE_OUT[i],fptr);
         ^~~~~~~~
         FILE
../../../../../BackGroundRemoval/BackGrRemoval_tb.cpp: At global scope:
../../../../../BackGroundRemoval/BackGrRemoval_tb.cpp:132:36: error: ‘u8’ has not been declared
 void BackGrRemoval(PixelBGR* inBGR,u8 threshold,u8 kernel_size,u32 width,u32 height){
                                    ^~
../../../../../BackGroundRemoval/BackGrRemoval_tb.cpp:132:49: error: ‘u8’ has not been declared
 void BackGrRemoval(PixelBGR* inBGR,u8 threshold,u8 kernel_size,u32 width,u32 height){
                                                 ^~
../../../../../BackGroundRemoval/BackGrRemoval_tb.cpp:132:64: error: ‘u32’ has not been declared
 void BackGrRemoval(PixelBGR* inBGR,u8 threshold,u8 kernel_size,u32 width,u32 height){
                                                                ^~~
../../../../../BackGroundRemoval/BackGrRemoval_tb.cpp:132:74: error: ‘u32’ has not been declared
 void BackGrRemoval(PixelBGR* inBGR,u8 threshold,u8 kernel_size,u32 width,u32 height){
                                                                          ^~~
../../../../../BackGroundRemoval/BackGrRemoval_tb.cpp: In function ‘void BackGrRemoval(PixelBGR*, int, int, int, int)’:
../../../../../BackGroundRemoval/BackGrRemoval_tb.cpp:134:5: error: ‘u16’ was not declared in this scope
     u16 total_Pixel_in_kernel = kernel_size*kernel_size;
     ^~~
../../../../../BackGroundRemoval/BackGrRemoval_tb.cpp:135:8: error: expected ‘;’ before ‘EightyPercentOfKernel’
     u16 EightyPercentOfKernel = (int)(total_Pixel_in_kernel*0.8f);
        ^~~~~~~~~~~~~~~~~~~~~~
        ;
../../../../../BackGroundRemoval/BackGrRemoval_tb.cpp:136:8: error: expected ‘;’ before ‘Gr_pixel_in_total’
     u16 Gr_pixel_in_total = 0;
        ^~~~~~~~~~~~~~~~~~
        ;
../../../../../BackGroundRemoval/BackGrRemoval_tb.cpp:137:8: error: expected ‘;’ before ‘Half_size_kernel’
     u16 Half_size_kernel = (int)((kernel_size-1)/2);
        ^~~~~~~~~~~~~~~~~
        ;
../../../../../BackGroundRemoval/BackGrRemoval_tb.cpp:138:5: error: ‘u32’ was not declared in this scope
     u32 PixelNumber = width*height;
     ^~~
../../../../../BackGroundRemoval/BackGrRemoval_tb.cpp:150:43: error: ‘PixelNumber’ was not declared in this scope
     PixelHSV *outHSV = (PixelHSV *)malloc(PixelNumber * sizeof(PixelHSV));
                                           ^~~~~~~~~~~
../../../../../BackGroundRemoval/BackGrRemoval_tb.cpp:151:5: error: ‘findHSV’ was not declared in this scope
     findHSV(inBGR,outHSV,PixelNumber);
     ^~~~~~~
../../../../../BackGroundRemoval/BackGrRemoval_tb.cpp:158:12: error: expected ‘;’ before ‘y’
     for(u32 y = 0+Half_size_kernel; y < height-Half_size_kernel+1; y++){
            ^~
            ;
../../../../../BackGroundRemoval/BackGrRemoval_tb.cpp:158:37: error: ‘y’ was not declared in this scope
     for(u32 y = 0+Half_size_kernel; y < height-Half_size_kernel+1; y++){
                                     ^
../../../../../BackGroundRemoval/BackGrRemoval_tb.cpp:158:48: error: ‘Half_size_kernel’ was not declared in this scope
     for(u32 y = 0+Half_size_kernel; y < height-Half_size_kernel+1; y++){
                                                ^~~~~~~~~~~~~~~~
../../../../../BackGroundRemoval/BackGrRemoval_tb.cpp:159:16: error: expected ‘;’ before ‘x’
         for(u32 x = 0+Half_size_kernel; x < width-Half_size_kernel+1; x++){
                ^~
                ;
../../../../../BackGroundRemoval/BackGrRemoval_tb.cpp:159:41: error: ‘x’ was not declared in this scope
         for(u32 x = 0+Half_size_kernel; x < width-Half_size_kernel+1; x++){
                                         ^
../../../../../BackGroundRemoval/BackGrRemoval_tb.cpp:163:25: error: expected ‘;’ before ‘j’
                 for (u32 j = y-Half_size_kernel; j <y+Half_size_kernel;j++){
                         ^~
                         ;
../../../../../BackGroundRemoval/BackGrRemoval_tb.cpp:163:50: error: ‘j’ was not declared in this scope
                 for (u32 j = y-Half_size_kernel; j <y+Half_size_kernel;j++){
                                                  ^
../../../../../BackGroundRemoval/BackGrRemoval_tb.cpp:164:28: error: expected ‘;’ before ‘i’
                     for(u32 i = x-Half_size_kernel;i < x+Half_size_kernel;i++){
                            ^~
                            ;
../../../../../BackGroundRemoval/BackGrRemoval_tb.cpp:164:52: error: ‘i’ was not declared in this scope
                     for(u32 i = x-Half_size_kernel;i < x+Half_size_kernel;i++){
                                                    ^
../../../../../BackGroundRemoval/BackGrRemoval_tb.cpp:166:29: error: ‘Gr_pixel_in_total’ was not declared in this scope
                             Gr_pixel_in_total++;
                             ^~~~~~~~~~~~~~~~~
../../../../../BackGroundRemoval/BackGrRemoval_tb.cpp:170:21: error: ‘Gr_pixel_in_total’ was not declared in this scope
                 if (Gr_pixel_in_total >= EightyPercentOfKernel)
                     ^~~~~~~~~~~~~~~~~
../../../../../BackGroundRemoval/BackGrRemoval_tb.cpp:170:42: error: ‘EightyPercentOfKernel’ was not declared in this scope
                 if (Gr_pixel_in_total >= EightyPercentOfKernel)
                                          ^~~~~~~~~~~~~~~~~~~~~
../../../../../BackGroundRemoval/BackGrRemoval_tb.cpp:171:29: error: expected ‘;’ before ‘j’
                     for (u32 j = y-Half_size_kernel; j <y+Half_size_kernel;j++){
                             ^~
                             ;
../../../../../BackGroundRemoval/BackGrRemoval_tb.cpp:171:54: error: ‘j’ was not declared in this scope
                     for (u32 j = y-Half_size_kernel; j <y+Half_size_kernel;j++){
                                                      ^
../../../../../BackGroundRemoval/BackGrRemoval_tb.cpp:172:32: error: expected ‘;’ before ‘i’
                         for(u32 i = x-Half_size_kernel;i < x+Half_size_kernel;i++){
                                ^~
                                ;
../../../../../BackGroundRemoval/BackGrRemoval_tb.cpp:172:56: error: ‘i’ was not declared in this scope
                         for(u32 i = x-Half_size_kernel;i < x+Half_size_kernel;i++){
                                                        ^
../../../../../BackGroundRemoval/BackGrRemoval_tb.cpp:180:13: error: ‘Gr_pixel_in_total’ was not declared in this scope
             Gr_pixel_in_total = 0;
             ^~~~~~~~~~~~~~~~~
../../../../../BackGroundRemoval/BackGrRemoval_tb.cpp: At global scope:
../../../../../BackGroundRemoval/BackGrRemoval_tb.cpp:188:1: error: ‘u32’ does not name a type
 u32 FileSizeReturner(FILE *fptr){
 ^~~
../../../../../BackGroundRemoval/BackGrRemoval_tb.cpp:198:1: error: ‘u8’ does not name a type
 u8 MaxOf3(u8 b, u8 g, u8 r){
 ^~
../../../../../BackGroundRemoval/BackGrRemoval_tb.cpp:205:1: error: ‘u8’ does not name a type
 u8 Minof3(u8 b, u8 g, u8 r){
 ^~
../../../../../BackGroundRemoval/BackGrRemoval_tb.cpp:212:1: error: ‘u8’ does not name a type
 u8 findHSV(PixelBGR* in,PixelHSV* out, u32 PixelNumber){
 ^~
make: *** [csim.mk:79: obj/BackGrRemoval_tb.o] Error 1
ERROR: [SIM 211-100] 'csim_design' failed: compilation error(s).
INFO: [SIM 211-3] *************** CSIM finish ***************
INFO: [HLS 200-111] Finished Command csim_design CPU user time: 0.07 seconds. CPU system time: 0.05 seconds. Elapsed time: 0.11 seconds; current allocated memory: 0.000 MB.
4
    while executing
"source /home/dell3561-49/Vitis_HLS_folder/New_BackGrRemoval/New_BackGrRemoval/solution1/csim.tcl"
    invoked from within
"hls::main /home/dell3561-49/Vitis_HLS_folder/New_BackGrRemoval/New_BackGrRemoval/solution1/csim.tcl"
    ("uplevel" body line 1)
    invoked from within
"uplevel 1 hls::main {*}$newargs"
    (procedure "hls_proc" line 16)
    invoked from within
"hls_proc [info nameofexecutable] $argv"
INFO: [HLS 200-112] Total CPU user time: 0.83 seconds. Total CPU system time: 0.16 seconds. Total elapsed time: 0.88 seconds; peak allocated memory: 189.535 MB.
